<?xml version="1.0" encoding="UTF-8"?>
<!-- Generated by org.testng.reporters.JUnitXMLReporter -->
<testsuite hostname="rakesh-PC" ignored="0" name="chromeTest" tests="3" failures="0" timestamp="22 Apr 2019 04:31:58 GMT" time="186.157" errors="0">
  <testcase name="testValidLoginLogout" time="10.396" classname="com.actitime.tests.ValidLoginLogoutTest"/>
  <testcase name="testInvalidLogin" time="19.733" classname="com.actitime.tests.InvalidLoginTest"/>
  <testcase name="testVerifyVersion" time="0.144" classname="com.actitime.tests.VerifyVersionTest"/>
</testsuite> <!-- chromeTest -->
