<?xml version="1.0" encoding="UTF-8"?>
<!-- Generated by org.testng.reporters.JUnitXMLReporter -->
<testsuite hostname="rakesh-PC" ignored="0" name="Test" tests="3" failures="0" timestamp="22 Apr 2019 04:16:42 GMT" time="74.446" errors="0">
  <testcase name="testValidLoginLogout" time="7.506" classname="com.actitime.tests.ValidLoginLogoutTest"/>
  <testcase name="testInvalidLogin" time="16.243" classname="com.actitime.tests.InvalidLoginTest"/>
  <testcase name="testVerifyVersion" time="0.161" classname="com.actitime.tests.VerifyVersionTest"/>
</testsuite> <!-- Test -->
